TN:
SF:src/shared/consentState.ts
FN:22,loadDoNotTrack
FN:33,persistDoNotTrack
FNF:2
FNH:2
FNDA:6,loadDoNotTrack
FNDA:4,persistDoNotTrack
DA:1,1
DA:20,1
DA:22,1
DA:23,6
DA:24,6
DA:25,0
DA:26,0
DA:27,6
DA:28,6
DA:29,2
DA:30,2
DA:31,6
DA:33,1
DA:34,4
DA:35,4
DA:36,0
DA:37,0
DA:40,4
DA:41,4
DA:43,1
DA:44,4
LF:21
LH:17
BRDA:22,0,0,6
BRDA:24,1,0,0
BRDA:28,2,0,2
BRDA:33,3,0,4
BRDA:35,4,0,0
BRDA:41,5,0,1
BRF:6
BRH:4
end_of_record
TN:
SF:src/shared/envConfig.ts
FN:27,<static_initializer>
FN:43,initFromVite
FN:80,initFromValues
FN:92,get
FN:104,isInitialized
FN:111,reset
FN:116,getApi
FN:120,getCdnLink
FN:124,getEnv
FN:128,getChoicesApi
FN:132,getWebEditorBaseLink
FN:140,getOpenerOrigins
FN:163,getWebEditorStorageKey
FN:167,getLocationApiUrl
FN:171,isDev
FN:178,isProduction
FN:185,isDevelopment
FN:192,isStaging
FNF:18
FNH:18
FNDA:3,<static_initializer>
FNDA:3,initFromVite
FNDA:10,initFromValues
FNDA:132,get
FNDA:2,isInitialized
FNDA:12,reset
FNDA:2,getApi
FNDA:1,getCdnLink
FNDA:118,getEnv
FNDA:1,getChoicesApi
FNDA:1,getWebEditorBaseLink
FNDA:5,getOpenerOrigins
FNDA:1,getWebEditorStorageKey
FNDA:1,getLocationApiUrl
FNDA:1,isDev
FNDA:111,isProduction
FNDA:3,isDevelopment
FNDA:2,isStaging
DA:26,1
DA:27,1
DA:28,3
DA:29,3
DA:30,3
DA:31,3
DA:32,3
DA:33,3
DA:34,3
DA:35,3
DA:36,3
DA:37,3
DA:38,3
DA:43,1
DA:46,3
DA:47,3
DA:51,3
DA:53,3
DA:54,3
DA:55,3
DA:57,0
DA:59,3
DA:60,0
DA:61,0
DA:62,0
DA:63,0
DA:64,3
DA:65,3
DA:66,3
DA:67,3
DA:68,3
DA:69,3
DA:70,3
DA:71,3
DA:72,3
DA:73,3
DA:74,3
DA:75,3
DA:80,1
DA:81,10
DA:82,10
DA:83,10
DA:84,10
DA:85,10
DA:92,1
DA:93,132
DA:96,2
DA:97,2
DA:98,132
DA:99,132
DA:104,1
DA:105,2
DA:106,2
DA:111,1
DA:112,12
DA:113,12
DA:116,1
DA:117,2
DA:118,2
DA:120,1
DA:121,1
DA:122,1
DA:124,1
DA:125,118
DA:126,118
DA:128,1
DA:129,1
DA:130,1
DA:132,1
DA:133,1
DA:134,1
DA:140,1
DA:141,5
DA:142,5
DA:143,5
DA:144,5
DA:145,4
DA:146,4
DA:147,4
DA:148,4
DA:149,3
DA:150,3
DA:151,4
DA:152,5
DA:153,5
DA:154,8
DA:155,8
DA:156,8
DA:158,1
DA:159,8
DA:160,5
DA:161,5
DA:163,1
DA:164,1
DA:165,1
DA:167,1
DA:168,1
DA:169,1
DA:171,1
DA:172,1
DA:173,1
DA:178,1
DA:179,111
DA:180,111
DA:185,1
DA:186,3
DA:187,3
DA:192,1
DA:193,2
DA:194,2
DA:195,1
DA:199,1
DA:203,1
DA:204,1
DA:205,1
DA:206,0
DA:209,0
DA:211,1
LF:118
LH:111
BRDA:206,0,0,0
BRDA:27,1,0,3
BRDA:43,2,0,3
BRDA:55,3,0,0
BRDA:59,4,0,0
BRDA:73,5,0,0
BRDA:80,6,0,10
BRDA:92,7,0,132
BRDA:93,8,0,2
BRDA:104,9,0,2
BRDA:111,10,0,12
BRDA:116,11,0,2
BRDA:120,12,0,1
BRDA:124,13,0,118
BRDA:128,14,0,1
BRDA:132,15,0,1
BRDA:140,16,0,5
BRDA:142,17,0,0
BRDA:144,18,0,4
BRDA:147,19,0,1
BRDA:147,20,0,0
BRDA:148,21,0,3
BRDA:153,22,0,8
BRDA:156,23,0,1
BRDA:149,24,0,6
BRDA:163,25,0,1
BRDA:167,26,0,1
BRDA:171,27,0,1
BRDA:178,28,0,111
BRDA:185,29,0,3
BRDA:192,30,0,2
BRF:31
BRH:25
end_of_record
TN:
SF:src/shared/publicSuffix.ts
FN:106,isHostOnlyTarget
FN:128,extractEtldPlusOne
FNF:2
FNH:2
FNDA:42,isHostOnlyTarget
FNDA:28,extractEtldPlusOne
DA:47,1
DA:49,1
DA:50,1
DA:52,1
DA:53,1
DA:55,1
DA:56,1
DA:57,1
DA:58,1
DA:59,1
DA:60,1
DA:61,1
DA:62,1
DA:64,1
DA:65,1
DA:66,1
DA:67,1
DA:68,1
DA:69,1
DA:71,1
DA:72,1
DA:73,1
DA:74,1
DA:75,1
DA:76,1
DA:77,1
DA:78,1
DA:79,1
DA:80,1
DA:81,1
DA:82,1
DA:86,1
DA:87,1
DA:88,1
DA:89,1
DA:90,1
DA:91,1
DA:92,1
DA:93,1
DA:94,1
DA:95,1
DA:97,1
DA:106,1
DA:107,42
DA:108,3
DA:109,3
DA:111,42
DA:112,1
DA:113,1
DA:114,42
DA:115,5
DA:116,5
DA:117,33
DA:118,33
DA:128,1
DA:129,28
DA:131,28
DA:132,5
DA:133,5
DA:135,23
DA:136,28
DA:137,2
DA:138,2
DA:140,21
DA:141,28
DA:144,14
DA:145,14
DA:147,7
DA:148,7
LF:69
LH:69
BRDA:106,0,0,42
BRDA:107,1,0,3
BRDA:109,2,0,39
BRDA:111,3,0,38
BRDA:111,4,0,1
BRDA:113,5,0,38
BRDA:114,6,0,5
BRDA:116,7,0,33
BRDA:128,8,0,28
BRDA:129,9,0,2
BRDA:131,10,0,5
BRDA:133,11,0,23
BRDA:136,12,0,2
BRDA:138,13,0,21
BRDA:141,14,0,14
BRDA:145,15,0,7
BRF:16
BRH:16
end_of_record
TN:
SF:src/shared/shared.utils.ts
FN:21,randomSuffix
FN:40,generateUniqueId
FN:47,generateId
FN:55,dispatchIntemptEvent
FN:65,debounce
FNF:5
FNH:5
FNDA:5002,randomSuffix
FNDA:5002,generateUniqueId
FNDA:5002,generateId
FNDA:2,dispatchIntemptEvent
FNDA:2,debounce
DA:4,1
DA:21,5002
DA:22,5002
DA:23,5002
DA:25,5002
DA:26,5002
DA:27,5002
DA:28,5002
DA:29,50020
DA:30,50020
DA:31,5002
DA:32,5002
DA:34,0
DA:35,0
DA:36,0
DA:37,0
DA:38,0
DA:40,5002
DA:41,5002
DA:42,5002
DA:44,5002
DA:45,5002
DA:47,1
DA:48,5002
DA:49,5002
DA:50,1
DA:51,5001
DA:53,5002
DA:55,1
DA:56,2
DA:57,2
DA:58,2
DA:59,2
DA:60,2
DA:62,2
DA:63,2
DA:65,1
DA:66,2
DA:68,2
DA:69,5
DA:70,5
DA:71,5
DA:72,2
LF:43
LH:38
BRDA:21,0,0,5002
BRDA:22,1,0,0
BRDA:28,2,0,50020
BRDA:32,3,0,0
BRDA:40,4,0,5002
BRDA:47,5,0,5002
BRDA:49,6,0,1
BRDA:50,7,0,5001
BRDA:55,8,0,2
BRDA:65,9,0,2
BRDA:68,10,0,5
BRDA:69,11,0,3
BRDA:70,12,0,2
BRF:13
BRH:11
end_of_record
TN:
SF:src/shared/storageHandler.ts
FN:7,localIntemptSessionCookie
FN:11,localIntemptPageSessionCookie
FN:16,setCookie
FN:34,getCookie
FN:65,handleDomain
FN:76,get
FN:80,set
FN:81,remove
FN:82,getAllKeys
FN:83,clear
FNF:10
FNH:5
FNDA:0,localIntemptSessionCookie
FNDA:0,localIntemptPageSessionCookie
FNDA:3,setCookie
FNDA:3,getCookie
FNDA:6,handleDomain
FNDA:6,get
FNDA:4,set
FNDA:0,remove
FNDA:0,getAllKeys
FNDA:0,clear
DA:1,1
DA:5,1
DA:7,1
DA:8,0
DA:9,0
DA:11,1
DA:12,0
DA:13,0
DA:16,1
DA:17,3
DA:18,3
DA:19,3
DA:20,0
DA:21,3
DA:25,3
DA:26,3
DA:27,3
DA:29,3
DA:31,3
DA:32,3
DA:34,1
DA:35,3
DA:37,3
DA:38,3
DA:39,3
DA:41,3
DA:43,1
DA:44,1
DA:45,1
DA:47,3
DA:49,1
DA:50,1
DA:65,1
DA:66,6
DA:67,3
DA:68,3
DA:70,3
DA:72,6
DA:73,6
DA:75,1
DA:76,1
DA:77,6
DA:78,6
DA:79,6
DA:80,1
DA:81,1
DA:82,1
DA:83,1
DA:84,1
LF:49
LH:44
BRDA:16,0,0,3
BRDA:19,1,0,0
BRDA:25,2,0,1
BRDA:25,3,0,2
BRDA:26,4,0,0
BRDA:34,5,0,3
BRDA:41,6,0,2
BRDA:41,7,0,1
BRDA:47,8,0,0
BRDA:47,9,0,1
BRDA:38,10,0,3
BRDA:65,11,0,6
BRDA:66,12,0,3
BRDA:72,13,0,0
BRDA:76,14,0,6
BRDA:78,15,0,4
BRDA:78,16,0,1
BRDA:80,17,0,4
BRF:18
BRH:14
end_of_record
TN:
SF:src/shared/version.ts
FNF:0
FNH:0
DA:14,1
DA:15,1
LF:2
LH:2
BRDA:15,0,0,0
BRF:1
BRH:0
end_of_record
TN:
SF:src/shared/queue/requestBatcher.ts
FN:40,<instance_members_initializer>
FN:57,RequestBatcher
FN:80,enqueue
FN:84,start
FN:90,stop
FN:98,clear
FN:102,scheduleFlush
FN:116,resetFlush
FN:120,resetBatchSize
FN:127,loadSentEventIds
FN:154,markEventIdsSent
FN:185,unmarkEventIdsSent
FN:200,saveSentEventIds
FN:221,recordDeliveryAttempts
FN:252,extractEventIds
FN:266,flush
FN:386,handleResponse
FN:522,isDefiniteSuccess
FN:533,removeItemsFromQueue
FN:537,reportError
FNF:20
FNH:18
FNDA:44,<instance_members_initializer>
FNDA:44,RequestBatcher
FNDA:509,enqueue
FNDA:0,start
FNDA:16,stop
FNDA:0,clear
FNDA:786,scheduleFlush
FNDA:685,resetFlush
FNDA:1,resetBatchSize
FNDA:44,loadSentEventIds
FNDA:431,markEventIdsSent
FNDA:113,unmarkEventIdsSent
FNDA:541,saveSentEventIds
FNDA:314,recordDeliveryAttempts
FNDA:692,extractEventIds
FNDA:1063,flush
FNDA:427,handleResponse
FNDA:42,isDefiniteSuccess
FNDA:307,removeItemsFromQueue
FNDA:107,reportError
DA:1,1
DA:23,1
DA:33,1
DA:34,1
DA:39,1
DA:40,1
DA:41,44
DA:42,44
DA:43,44
DA:44,44
DA:45,44
DA:47,44
DA:48,44
DA:49,44
DA:50,44
DA:51,44
DA:52,44
DA:53,44
DA:54,44
DA:55,44
DA:57,1
DA:58,44
DA:59,44
DA:60,44
DA:61,44
DA:62,44
DA:64,44
DA:65,44
DA:66,44
DA:69,44
DA:70,44
DA:72,44
DA:73,44
DA:74,44
DA:75,44
DA:76,44
DA:77,44
DA:78,44
DA:80,1
DA:81,509
DA:82,509
DA:84,1
DA:85,0
DA:86,0
DA:87,0
DA:88,0
DA:90,1
DA:91,16
DA:92,16
DA:93,0
DA:94,0
DA:95,0
DA:96,16
DA:98,1
DA:99,0
DA:100,0
DA:102,1
DA:103,786
DA:104,786
DA:105,0
DA:106,0
DA:107,0
DA:108,0
DA:109,0
DA:110,0
DA:111,0
DA:112,0
DA:113,0
DA:114,786
DA:116,1
DA:117,685
DA:118,685
DA:120,1
DA:121,1
DA:122,1
DA:127,1
DA:128,44
DA:129,44
DA:130,44
DA:131,44
DA:132,2
DA:134,2
DA:135,2
DA:136,2
DA:137,2
DA:138,44
DA:139,44
DA:140,1
DA:141,1
DA:142,44
DA:154,1
DA:155,431
DA:156,2165
DA:157,2165
DA:159,431
DA:160,1
DA:161,1
DA:162,1
DA:163,500
DA:164,500
DA:165,500
DA:166,500
DA:167,500
DA:168,1
DA:169,431
DA:185,1
DA:186,113
DA:187,0
DA:188,0
DA:189,113
DA:190,170
DA:191,170
DA:192,113
DA:193,113
DA:200,1
DA:201,541
DA:202,541
DA:203,541
DA:204,541
DA:205,541
DA:206,541
DA:207,0
DA:208,0
DA:209,541
DA:221,1
DA:222,314
DA:223,304
DA:224,482
DA:225,482
DA:226,304
DA:227,304
DA:229,17
DA:230,1509
DA:231,1509
DA:232,1509
DA:236,17
DA:237,1
DA:238,1
DA:239,1
DA:240,500
DA:241,500
DA:242,500
DA:243,500
DA:244,500
DA:245,1
DA:246,314
DA:252,1
DA:253,692
DA:255,692
DA:256,692
DA:257,692
DA:258,692
DA:259,692
DA:260,692
DA:261,692
DA:263,692
DA:264,692
DA:266,1
DA:267,1063
DA:268,2
DA:269,2
DA:271,1061
DA:272,1061
DA:273,1061
DA:274,1061
DA:276,1061
DA:278,1061
DA:279,1061
DA:280,1061
DA:281,1061
DA:282,1061
DA:283,1061
DA:286,1063
DA:287,692
DA:290,692
DA:293,692
DA:294,692
DA:301,29
DA:302,29
DA:303,29
DA:305,692
DA:306,0
DA:307,0
DA:309,663
DA:311,663
DA:312,663
DA:314,663
DA:315,0
DA:316,0
DA:317,0
DA:318,0
DA:319,0
DA:320,0
DA:322,663
DA:323,663
DA:324,663
DA:325,663
DA:326,692
DA:329,1063
DA:330,14
DA:331,14
DA:333,1063
DA:334,633
DA:335,633
DA:336,633
DA:337,633
DA:341,428
DA:342,428
DA:347,428
DA:348,428
DA:349,428
DA:350,428
DA:351,1063
DA:352,1063
DA:354,1063
DA:360,427
DA:361,427
DA:362,427
DA:363,427
DA:364,427
DA:365,427
DA:366,427
DA:367,427
DA:368,1063
DA:369,1063
DA:370,1063
DA:372,1063
DA:373,1
DA:378,1
DA:379,1
DA:380,1
DA:381,1
DA:382,1
DA:383,1
DA:384,1063
DA:386,1
DA:387,427
DA:388,427
DA:389,427
DA:390,427
DA:391,427
DA:392,427
DA:393,427
DA:394,427
DA:395,427
DA:396,427
DA:398,427
DA:399,427
DA:412,42
DA:413,31
DA:414,31
DA:415,42
DA:421,10
DA:422,10
DA:423,42
DA:424,42
DA:425,42
DA:428,427
DA:429,0
DA:430,0
DA:431,0
DA:432,0
DA:433,0
DA:448,385
DA:449,427
DA:450,427
DA:451,323
DA:452,285
DA:453,284
DA:454,427
DA:456,101
DA:457,101
DA:458,2
DA:459,2
DA:460,101
DA:461,101
DA:464,101
DA:465,101
DA:466,101
DA:467,101
DA:470,427
DA:471,2
DA:472,1
DA:473,1
DA:474,1
DA:476,1
DA:477,1
DA:478,1
DA:479,1
DA:480,1
DA:481,1
DA:482,1
DA:483,1
DA:484,1
DA:485,1
DA:486,2
DA:489,282
DA:490,282
DA:492,291
DA:493,273
DA:495,273
DA:496,0
DA:497,273
DA:499,273
DA:500,273
DA:501,427
DA:502,9
DA:503,2
DA:504,2
DA:505,9
DA:506,7
DA:507,7
DA:508,9
DA:509,427
DA:510,0
DA:511,0
DA:512,0
DA:513,427
DA:522,1
DA:523,42
DA:524,4
DA:525,4
DA:526,42
DA:527,31
DA:528,31
DA:529,7
DA:530,42
DA:531,42
DA:533,1
DA:534,307
DA:535,307
DA:537,1
DA:538,107
DA:539,0
DA:540,0
DA:541,107
DA:542,107
DA:543,107
DA:544,107
DA:546,0
DA:547,107
DA:548,107
DA:549,1
LF:343
LH:301
BRDA:40,0,0,44
BRDA:57,1,0,44
BRDA:61,2,0,42
BRDA:61,3,0,104
BRDA:80,4,0,509
BRDA:90,5,0,16
BRDA:92,6,0,0
BRDA:102,7,0,786
BRDA:104,8,0,0
BRDA:116,9,0,685
BRDA:120,10,0,1
BRDA:127,11,0,44
BRDA:131,12,0,2
BRDA:135,13,0,1
BRDA:135,14,0,0
BRDA:139,15,0,1
BRDA:154,16,0,431
BRDA:155,17,0,2165
BRDA:159,18,0,1
BRDA:162,19,0,500
BRDA:185,20,0,113
BRDA:186,21,0,0
BRDA:189,22,0,170
BRDA:200,23,0,541
BRDA:206,24,0,0
BRDA:221,25,0,314
BRDA:222,26,0,304
BRDA:223,27,0,482
BRDA:227,28,0,17
BRDA:227,29,0,10
BRDA:229,30,0,1509
BRDA:232,31,0,10
BRDA:236,32,0,1
BRDA:239,33,0,500
BRDA:252,34,0,692
BRDA:266,35,0,1063
BRDA:267,36,0,2
BRDA:269,37,0,1061
BRDA:286,38,0,692
BRDA:294,39,0,29
BRDA:303,40,0,663
BRDA:305,41,0,0
BRDA:305,42,0,0
BRDA:307,43,0,663
BRDA:314,44,0,0
BRDA:326,45,0,1061
BRDA:329,46,0,14
BRDA:331,47,0,1061
BRDA:333,48,0,633
BRDA:337,49,0,428
BRDA:351,50,0,386
BRDA:354,51,0,427
BRDA:368,52,0,385
BRDA:370,53,0,427
BRDA:372,54,0,1
BRDA:293,55,0,692
BRDA:363,56,0,684
BRDA:363,57,0,684
BRDA:386,58,0,427
BRDA:399,59,0,42
BRDA:412,60,0,31
BRDA:415,61,0,11
BRDA:415,62,0,10
BRDA:425,63,0,385
BRDA:428,64,0,10
BRDA:428,65,0,0
BRDA:433,66,0,385
BRDA:450,67,0,323
BRDA:451,68,0,285
BRDA:452,69,0,284
BRDA:454,70,0,101
BRDA:457,71,0,2
BRDA:458,72,0,0
BRDA:467,73,0,284
BRDA:470,74,0,2
BRDA:471,75,0,1
BRDA:486,76,0,291
BRDA:486,77,0,282
BRDA:492,78,0,273
BRDA:495,79,0,0
BRDA:495,80,0,0
BRDA:501,81,0,9
BRDA:502,82,0,2
BRDA:505,83,0,7
BRDA:509,84,0,0
BRDA:522,85,0,42
BRDA:523,86,0,41
BRDA:523,87,0,40
BRDA:523,88,0,4
BRDA:525,89,0,38
BRDA:526,90,0,39
BRDA:526,91,0,31
BRDA:528,92,0,7
BRDA:530,93,0,7
BRDA:533,94,0,307
BRDA:537,95,0,107
BRDA:538,96,0,0
BRDA:544,97,0,0
BRF:98
BRH:83
end_of_record
TN:
SF:src/shared/queue/requestQueue.ts
FN:53,<instance_members_initializer>
FN:64,RequestQueue
FN:80,ensureInit
FN:102,makeItemKey
FN:108,enqueue
FN:151,migrateLegacyQueue
FN:161,importLegacy
FN:181,readFromStorage
FN:197,fillBatch
FN:226,removeItemsByID
FN:268,clear
FN:283,generateId
FNF:12
FNH:12
FNDA:72,<instance_members_initializer>
FNDA:72,RequestQueue
FNDA:2314,ensureInit
FNDA:557,makeItemKey
FNDA:556,enqueue
FNDA:1445,migrateLegacyQueue
FNDA:2,importLegacy
FNDA:1445,readFromStorage
FNDA:1105,fillBatch
FNDA:313,removeItemsByID
FNDA:1,clear
FNDA:556,generateId
DA:1,1
DA:52,1
DA:53,1
DA:54,72
DA:55,72
DA:56,72
DA:57,72
DA:58,72
DA:59,72
DA:60,72
DA:61,72
DA:62,72
DA:64,1
DA:65,72
DA:66,72
DA:67,72
DA:68,72
DA:69,72
DA:71,72
DA:72,71
DA:73,71
DA:74,71
DA:75,71
DA:76,71
DA:77,71
DA:78,72
DA:80,1
DA:81,2314
DA:83,62
DA:84,62
DA:85,61
DA:86,2314
DA:87,1
DA:88,1
DA:89,1
DA:90,1
DA:91,2314
DA:102,1
DA:103,557
DA:104,557
DA:105,557
DA:106,557
DA:108,1
DA:109,556
DA:110,556
DA:111,556
DA:112,556
DA:113,556
DA:114,556
DA:116,556
DA:117,2
DA:118,2
DA:119,2
DA:121,554
DA:122,556
DA:124,0
DA:125,0
DA:126,0
DA:128,554
DA:129,554
DA:131,554
DA:132,553
DA:133,553
DA:134,556
DA:135,1
DA:138,1
DA:139,1
DA:140,1
DA:141,556
DA:151,1
DA:152,1445
DA:153,53
DA:155,53
DA:156,53
DA:157,1445
DA:158,51
DA:159,51
DA:161,2
DA:162,2
DA:163,5
DA:164,5
DA:165,5
DA:166,3
DA:167,2
DA:168,2
DA:170,2
DA:171,2
DA:172,29
DA:173,0
DA:174,0
DA:175,1445
DA:177,0
DA:178,0
DA:179,1445
DA:181,1
DA:182,1445
DA:183,1445
DA:185,1445
DA:186,1445
DA:187,1445
DA:188,1445
DA:189,1445
DA:190,1445
DA:191,1445
DA:192,0
DA:193,0
DA:194,0
DA:195,1445
DA:197,1
DA:198,1105
DA:201,1105
DA:202,655
DA:203,655
DA:204,655
DA:206,1105
DA:210,1105
DA:211,790
DA:212,790
DA:214,790
DA:215,231
DA:216,231
DA:217,0
DA:218,0
DA:219,0
DA:220,231
DA:221,790
DA:223,1105
DA:224,1105
DA:226,1
DA:227,313
DA:230,313
DA:231,313
DA:232,313
DA:233,313
DA:235,313
DA:237,313
DA:238,0
DA:239,0
DA:241,313
DA:242,313
DA:243,313
DA:245,313
DA:246,313
DA:249,1
DA:250,1
DA:251,1
DA:252,1
DA:253,1
DA:254,1
DA:255,1
DA:256,1
DA:260,313
DA:261,312
DA:262,313
DA:263,1
DA:264,1
DA:265,1
DA:266,313
DA:268,1
DA:269,1
DA:270,1
DA:271,1
DA:272,1
DA:273,1
DA:274,1
DA:275,1
DA:276,1
DA:277,1
DA:278,0
DA:279,0
DA:280,1
DA:281,1
DA:283,1
DA:284,556
DA:285,556
DA:286,1
LF:176
LH:159
BRDA:53,0,0,72
BRDA:64,1,0,72
BRDA:68,2,0,1
BRDA:69,3,0,26
BRDA:71,4,0,71
BRDA:69,5,0,1
BRDA:80,6,0,2314
BRDA:81,7,0,62
BRDA:81,8,0,2252
BRDA:81,9,0,116
BRDA:81,10,0,62
BRDA:84,11,0,61
BRDA:86,12,0,1
BRDA:102,13,0,557
BRDA:108,14,0,556
BRDA:116,15,0,2
BRDA:119,16,0,554
BRDA:122,17,0,0
BRDA:126,18,0,554
BRDA:131,19,0,553
BRDA:134,20,0,1
BRDA:151,21,0,1445
BRDA:152,22,0,53
BRDA:152,23,0,1443
BRDA:152,24,0,1392
BRDA:152,25,0,53
BRDA:157,26,0,2
BRDA:157,27,0,51
BRDA:159,28,0,29
BRDA:159,29,0,2
BRDA:172,30,0,0
BRDA:175,31,0,0
BRDA:161,32,0,2
BRDA:162,33,0,5
BRDA:163,34,0,4
BRDA:163,35,0,4
BRDA:163,36,0,2
BRDA:163,37,0,3
BRDA:164,38,0,0
BRDA:165,39,0,3
BRDA:181,40,0,1445
BRDA:183,41,0,0
BRDA:191,42,0,0
BRDA:189,43,0,261
BRDA:189,44,0,0
BRDA:197,45,0,1105
BRDA:201,46,0,655
BRDA:201,47,0,655
BRDA:210,48,0,1104
BRDA:210,49,0,790
BRDA:214,50,0,231
BRDA:215,51,0,0
BRDA:216,52,0,1
BRDA:216,53,0,0
BRDA:203,54,0,30
BRDA:203,55,0,1
BRDA:203,56,0,29
BRDA:212,57,0,232
BRDA:226,58,0,313
BRDA:237,59,0,0
BRDA:243,60,0,0
BRDA:246,61,0,1
BRDA:260,62,0,312
BRDA:262,63,0,1
BRDA:231,64,0,2432
BRDA:232,65,0,490
BRDA:235,66,0,2432
BRDA:250,67,0,1
BRDA:252,68,0,0
BRDA:268,69,0,1
BRDA:272,70,0,0
BRDA:277,71,0,0
BRDA:283,72,0,556
BRF:73
BRH:59
end_of_record
TN:
SF:src/shared/storage/indexedDbStore.ts
FN:29,<instance_members_initializer>
FN:34,IndexedDbStore
FN:40,isSupported
FN:49,init
FN:68,request.onupgradeneeded
FN:75,request.onsuccess
FN:80,db.onversionchange
FN:89,request.onerror
FN:90,request.onblocked
FN:103,transaction
FN:111,request
FN:122,req.onsuccess
FN:123,req.onerror
FN:128,getItem
FN:133,setItem
FN:137,removeItem
FN:141,clear
FN:152,removeItems
FN:160,tx.oncomplete
FN:161,tx.onerror
FN:162,tx.onabort
FN:178,entries
FN:186,request.onsuccess
FN:195,request.onerror
FN:200,keys
FN:206,close
FNF:26
FNH:17
FNDA:21,<instance_members_initializer>
FNDA:21,IndexedDbStore
FNDA:16,isSupported
FNDA:45,init
FNDA:13,request.onupgradeneeded
FNDA:14,request.onsuccess
FNDA:0,db.onversionchange
FNDA:0,request.onerror
FNDA:0,request.onblocked
FNDA:33,transaction
FNDA:27,request
FNDA:27,req.onsuccess
FNDA:0,req.onerror
FNDA:12,getItem
FNDA:13,setItem
FNDA:1,removeItem
FNDA:1,clear
FNDA:3,removeItems
FNDA:2,tx.oncomplete
FNDA:0,tx.onerror
FNDA:0,tx.onabort
FNDA:4,entries
FNDA:9,request.onsuccess
FNDA:0,request.onerror
FNDA:0,keys
FNDA:0,close
DA:26,1
DA:28,1
DA:29,1
DA:30,21
DA:31,21
DA:32,21
DA:34,1
DA:35,21
DA:36,21
DA:37,21
DA:40,1
DA:41,16
DA:42,16
DA:43,16
DA:45,0
DA:46,0
DA:47,16
DA:49,1
DA:50,45
DA:51,29
DA:52,29
DA:54,16
DA:55,16
DA:56,1
DA:57,1
DA:58,1
DA:60,15
DA:61,15
DA:62,15
DA:63,16
DA:64,1
DA:65,1
DA:66,1
DA:68,14
DA:69,13
DA:70,13
DA:71,13
DA:72,13
DA:73,13
DA:75,14
DA:76,14
DA:80,14
DA:81,0
DA:82,0
DA:83,0
DA:84,0
DA:86,14
DA:87,14
DA:89,14
DA:90,14
DA:91,16
DA:95,16
DA:96,2
DA:97,2
DA:98,16
DA:100,16
DA:101,45
DA:103,1
DA:104,33
DA:105,33
DA:106,0
DA:107,0
DA:108,33
DA:109,33
DA:111,1
DA:112,27
DA:113,27
DA:114,27
DA:115,27
DA:116,27
DA:117,27
DA:118,27
DA:119,0
DA:120,0
DA:121,0
DA:122,27
DA:123,27
DA:124,27
DA:125,27
DA:126,27
DA:128,1
DA:129,12
DA:130,12
DA:131,12
DA:133,1
DA:134,13
DA:135,13
DA:137,1
DA:138,1
DA:139,1
DA:141,1
DA:142,1
DA:143,1
DA:152,1
DA:153,3
DA:154,1
DA:155,1
DA:157,2
DA:158,2
DA:159,2
DA:160,2
DA:161,2
DA:162,2
DA:164,2
DA:165,3
DA:166,3
DA:167,2
DA:168,3
DA:178,1
DA:179,4
DA:180,4
DA:182,4
DA:183,4
DA:184,4
DA:186,4
DA:187,9
DA:188,9
DA:189,4
DA:190,4
DA:191,4
DA:192,5
DA:193,5
DA:194,9
DA:195,4
DA:196,4
DA:197,4
DA:200,1
DA:201,0
DA:202,0
DA:203,0
DA:204,0
DA:206,1
DA:207,0
DA:208,0
DA:209,0
DA:210,0
DA:211,1
LF:137
LH:118
BRDA:29,0,0,21
BRDA:34,1,0,21
BRDA:40,2,0,16
BRDA:43,3,0,0
BRDA:49,4,0,45
BRDA:50,5,0,29
BRDA:52,6,0,16
BRDA:54,7,0,16
BRDA:55,8,0,1
BRDA:58,9,0,15
BRDA:63,10,0,1
BRDA:66,11,0,14
BRDA:68,12,0,13
BRDA:75,13,0,14
BRDA:95,14,0,2
BRDA:103,15,0,33
BRDA:105,16,0,0
BRDA:111,17,0,27
BRDA:113,18,0,27
BRDA:114,19,0,27
BRDA:118,20,0,0
BRDA:122,21,0,27
BRDA:128,22,0,12
BRDA:130,23,0,8
BRDA:130,24,0,4
BRDA:129,25,0,12
BRDA:133,26,0,13
BRDA:134,27,0,13
BRDA:137,28,0,1
BRDA:138,29,0,1
BRDA:141,30,0,1
BRDA:142,31,0,1
BRDA:152,32,0,3
BRDA:153,33,0,1
BRDA:155,34,0,2
BRDA:158,35,0,2
BRDA:164,36,0,3
BRDA:160,37,0,2
BRDA:178,38,0,4
BRDA:182,39,0,4
BRDA:186,40,0,9
BRDA:188,41,0,5
BRDA:188,42,0,4
BRDA:191,43,0,5
BRF:44
BRH:41
end_of_record
TN:
SF:src/shared/storage/persistentStore.ts
FN:30,<instance_members_initializer>
FN:36,PersistentStore
FN:48,getDriver
FN:52,init
FN:82,getItem
FN:95,setItem
FN:113,entries
FN:126,keys
FN:145,removeItems
FN:159,removeItem
FNF:10
FNH:8
FNDA:8,<instance_members_initializer>
FNDA:8,PersistentStore
FNDA:5,getDriver
FNDA:22,init
FNDA:5,getItem
FNDA:6,setItem
FNDA:4,entries
FNDA:0,keys
FNDA:1,removeItems
FNDA:0,removeItem
DA:1,1
DA:29,1
DA:30,1
DA:31,8
DA:32,8
DA:33,8
DA:34,8
DA:36,1
DA:41,8
DA:42,8
DA:43,8
DA:44,8
DA:45,8
DA:48,1
DA:49,5
DA:50,5
DA:52,1
DA:53,22
DA:54,14
DA:55,14
DA:57,8
DA:58,8
DA:59,8
DA:60,6
DA:61,6
DA:62,8
DA:64,2
DA:65,2
DA:67,2
DA:68,1
DA:69,8
DA:71,8
DA:74,1
DA:75,1
DA:76,1
DA:77,8
DA:79,8
DA:80,22
DA:82,1
DA:83,5
DA:84,5
DA:85,3
DA:86,3
DA:87,3
DA:88,0
DA:89,0
DA:90,0
DA:91,3
DA:92,2
DA:93,5
DA:95,1
DA:96,6
DA:97,6
DA:98,5
DA:99,5
DA:100,4
DA:101,5
DA:105,1
DA:106,1
DA:107,1
DA:108,5
DA:109,2
DA:110,6
DA:113,1
DA:114,4
DA:115,4
DA:116,4
DA:117,4
DA:118,4
DA:119,0
DA:120,0
DA:121,0
DA:122,4
DA:123,0
DA:124,4
DA:126,1
DA:127,0
DA:128,0
DA:129,0
DA:130,0
DA:131,0
DA:132,0
DA:133,0
DA:134,0
DA:135,0
DA:136,0
DA:137,0
DA:145,1
DA:146,1
DA:147,1
DA:148,1
DA:149,1
DA:150,1
DA:151,1
DA:152,0
DA:153,0
DA:154,0
DA:155,1
DA:156,0
DA:157,1
DA:159,1
DA:160,0
DA:161,0
DA:162,0
DA:163,0
DA:164,0
DA:165,0
DA:166,0
DA:167,0
DA:168,0
DA:169,0
DA:170,0
DA:171,0
DA:172,1
LF:114
LH:80
BRDA:30,0,0,8
BRDA:36,1,0,8
BRDA:44,2,0,7
BRDA:44,3,0,2
BRDA:48,4,0,5
BRDA:52,5,0,22
BRDA:53,6,0,14
BRDA:55,7,0,8
BRDA:57,8,0,8
BRDA:59,9,0,6
BRDA:62,10,0,2
BRDA:67,11,0,1
BRDA:71,12,0,1
BRDA:82,13,0,5
BRDA:84,14,0,3
BRDA:87,15,0,0
BRDA:91,16,0,2
BRDA:95,17,0,6
BRDA:97,18,0,5
BRDA:99,19,0,4
BRDA:101,20,0,1
BRDA:108,21,0,2
BRDA:113,22,0,4
BRDA:118,23,0,0
BRDA:122,24,0,0
BRDA:145,25,0,1
BRDA:151,26,0,0
BRDA:155,27,0,0
BRF:28
BRH:23
end_of_record
TN:
SF:src/shared/storage/queueStorage.ts
FN:11,<instance_members_initializer>
FN:14,QueueStorage
FN:18,init
FN:31,getItem
FN:41,setItem
FN:51,removeItem
FN:68,entries
FN:96,keys
FN:116,removeItems
FNF:9
FNH:9
FNDA:88,<instance_members_initializer>
FNDA:88,QueueStorage
FNDA:2440,init
FNDA:57,getItem
FNDA:559,setItem
FNDA:4,removeItem
FNDA:1442,entries
FNDA:4,keys
FNDA:312,removeItems
DA:10,1
DA:11,1
DA:12,88
DA:14,1
DA:15,88
DA:16,88
DA:18,1
DA:19,2440
DA:21,70
DA:22,70
DA:23,70
DA:24,70
DA:25,70
DA:26,2440
DA:27,2
DA:28,2
DA:29,2440
DA:31,1
DA:32,57
DA:33,57
DA:34,57
DA:35,57
DA:36,57
DA:37,2
DA:38,2
DA:39,57
DA:41,1
DA:42,559
DA:43,559
DA:44,559
DA:45,559
DA:47,1
DA:48,1
DA:49,559
DA:51,1
DA:52,4
DA:53,4
DA:54,4
DA:68,1
DA:69,1442
DA:71,1442
DA:72,1442
DA:73,1632
DA:74,1632
DA:75,257
DA:76,257
DA:77,1632
DA:78,1442
DA:80,1442
DA:81,1442
DA:82,1442
DA:83,257
DA:84,257
DA:85,257
DA:86,257
DA:87,257
DA:88,257
DA:90,0
DA:91,257
DA:92,1442
DA:93,1442
DA:96,1
DA:97,4
DA:98,4
DA:99,4
DA:100,3
DA:101,3
DA:102,3
DA:103,3
DA:104,3
DA:105,4
DA:106,4
DA:116,1
DA:117,312
DA:118,312
DA:119,489
DA:120,489
DA:121,312
DA:122,1
LF:79
LH:78
BRDA:11,0,0,88
BRDA:14,1,0,88
BRDA:18,2,0,2440
BRDA:19,3,0,2437
BRDA:19,4,0,2370
BRDA:19,5,0,70
BRDA:26,6,0,2
BRDA:31,7,0,57
BRDA:35,8,0,8
BRDA:35,9,0,49
BRDA:36,10,0,2
BRDA:41,11,0,559
BRDA:45,12,0,1
BRDA:51,13,0,4
BRDA:68,14,0,1442
BRDA:72,15,0,1632
BRDA:74,16,0,257
BRDA:80,17,0,1441
BRDA:80,18,0,1
BRDA:82,19,0,257
BRDA:88,20,0,0
BRDA:96,21,0,4
BRDA:99,22,0,3
BRDA:116,23,0,312
BRDA:118,24,0,489
BRF:25
BRH:24
end_of_record
TN:
SF:src/shared/storage/sharedLock.ts
FN:6,<instance_members_initializer>
FN:11,SharedLock
FN:22,generatePid
FN:26,withLock
FN:39,acquireLock
FN:70,releaseLock
FN:84,delay
FNF:7
FNH:7
FNDA:81,<instance_members_initializer>
FNDA:81,SharedLock
FNDA:73,generatePid
FNDA:9,withLock
FNDA:9,acquireLock
FNDA:8,releaseLock
FNDA:5,delay
DA:5,1
DA:6,1
DA:7,81
DA:8,81
DA:9,81
DA:11,1
DA:15,81
DA:16,81
DA:17,81
DA:18,81
DA:19,81
DA:20,81
DA:22,1
DA:23,73
DA:24,73
DA:26,1
DA:27,9
DA:28,9
DA:29,2
DA:30,2
DA:32,7
DA:33,7
DA:34,7
DA:35,7
DA:36,7
DA:37,9
DA:39,1
DA:40,9
DA:41,9
DA:42,14
DA:43,14
DA:44,14
DA:45,7
DA:46,7
DA:47,7
DA:48,7
DA:50,7
DA:51,7
DA:52,7
DA:53,7
DA:54,14
DA:55,6
DA:57,6
DA:58,1
DA:59,1
DA:60,1
DA:61,6
DA:62,5
DA:63,12
DA:64,1
DA:65,1
DA:66,14
DA:67,1
DA:68,9
DA:70,1
DA:71,8
DA:72,8
DA:73,8
DA:74,8
DA:75,8
DA:76,7
DA:77,7
DA:78,8
DA:79,8
DA:81,0
DA:82,8
DA:84,1
DA:85,5
DA:86,5
DA:87,1
LF:70
LH:69
BRDA:6,0,0,81
BRDA:11,1,0,81
BRDA:18,2,0,0
BRDA:19,3,0,73
BRDA:22,4,0,73
BRDA:26,5,0,9
BRDA:28,6,0,2
BRDA:30,7,0,7
BRDA:39,8,0,9
BRDA:41,9,0,14
BRDA:44,10,0,7
BRDA:54,11,0,12
BRDA:54,12,0,6
BRDA:57,13,0,1
BRDA:61,14,0,5
BRDA:63,15,0,1
BRDA:66,16,0,1
BRDA:70,17,0,8
BRDA:75,18,0,7
BRDA:79,19,0,0
BRDA:84,20,0,5
BRDA:85,21,0,5
BRF:22
BRH:20
end_of_record
