TN:
SF:src/shared/consentState.ts
FN:22,loadDoNotTrack
FN:33,persistDoNotTrack
FNF:2
FNH:2
FNDA:6,loadDoNotTrack
FNDA:4,persistDoNotTrack
DA:1,1
DA:20,1
DA:22,1
DA:23,6
DA:24,6
DA:25,0
DA:26,0
DA:27,6
DA:28,6
DA:29,2
DA:30,2
DA:31,6
DA:33,1
DA:34,4
DA:35,4
DA:36,0
DA:37,0
DA:40,4
DA:41,4
DA:43,1
DA:44,4
LF:21
LH:17
BRDA:22,0,0,6
BRDA:24,1,0,0
BRDA:28,2,0,2
BRDA:33,3,0,4
BRDA:35,4,0,0
BRDA:41,5,0,1
BRF:6
BRH:4
end_of_record
TN:
SF:src/shared/envConfig.ts
FN:27,<static_initializer>
FN:43,initFromVite
FN:80,initFromValues
FN:92,get
FN:104,isInitialized
FN:111,reset
FN:116,getApi
FN:120,getCdnLink
FN:124,getEnv
FN:128,getChoicesApi
FN:132,getWebEditorBaseLink
FN:140,getOpenerOrigins
FN:163,getWebEditorStorageKey
FN:167,getLocationApiUrl
FN:171,isDev
FN:178,isProduction
FN:185,isDevelopment
FN:192,isStaging
FNF:18
FNH:18
FNDA:3,<static_initializer>
FNDA:3,initFromVite
FNDA:10,initFromValues
FNDA:132,get
FNDA:2,isInitialized
FNDA:12,reset
FNDA:2,getApi
FNDA:1,getCdnLink
FNDA:118,getEnv
FNDA:1,getChoicesApi
FNDA:1,getWebEditorBaseLink
FNDA:5,getOpenerOrigins
FNDA:1,getWebEditorStorageKey
FNDA:1,getLocationApiUrl
FNDA:1,isDev
FNDA:111,isProduction
FNDA:3,isDevelopment
FNDA:2,isStaging
DA:26,1
DA:27,1
DA:28,3
DA:29,3
DA:30,3
DA:31,3
DA:32,3
DA:33,3
DA:34,3
DA:35,3
DA:36,3
DA:37,3
DA:38,3
DA:43,1
DA:46,3
DA:47,3
DA:51,3
DA:53,3
DA:54,3
DA:55,3
DA:57,0
DA:59,3
DA:60,0
DA:61,0
DA:62,0
DA:63,0
DA:64,3
DA:65,3
DA:66,3
DA:67,3
DA:68,3
DA:69,3
DA:70,3
DA:71,3
DA:72,3
DA:73,3
DA:74,3
DA:75,3
DA:80,1
DA:81,10
DA:82,10
DA:83,10
DA:84,10
DA:85,10
DA:92,1
DA:93,132
DA:96,2
DA:97,2
DA:98,132
DA:99,132
DA:104,1
DA:105,2
DA:106,2
DA:111,1
DA:112,12
DA:113,12
DA:116,1
DA:117,2
DA:118,2
DA:120,1
DA:121,1
DA:122,1
DA:124,1
DA:125,118
DA:126,118
DA:128,1
DA:129,1
DA:130,1
DA:132,1
DA:133,1
DA:134,1
DA:140,1
DA:141,5
DA:142,5
DA:143,5
DA:144,5
DA:145,4
DA:146,4
DA:147,4
DA:148,4
DA:149,3
DA:150,3
DA:151,4
DA:152,5
DA:153,5
DA:154,8
DA:155,8
DA:156,8
DA:158,1
DA:159,8
DA:160,5
DA:161,5
DA:163,1
DA:164,1
DA:165,1
DA:167,1
DA:168,1
DA:169,1
DA:171,1
DA:172,1
DA:173,1
DA:178,1
DA:179,111
DA:180,111
DA:185,1
DA:186,3
DA:187,3
DA:192,1
DA:193,2
DA:194,2
DA:195,1
DA:199,1
DA:203,1
DA:204,1
DA:205,1
DA:206,0
DA:209,0
DA:211,1
LF:118
LH:111
BRDA:206,0,0,0
BRDA:27,1,0,3
BRDA:43,2,0,3
BRDA:55,3,0,0
BRDA:59,4,0,0
BRDA:73,5,0,0
BRDA:80,6,0,10
BRDA:92,7,0,132
BRDA:93,8,0,2
BRDA:104,9,0,2
BRDA:111,10,0,12
BRDA:116,11,0,2
BRDA:120,12,0,1
BRDA:124,13,0,118
BRDA:128,14,0,1
BRDA:132,15,0,1
BRDA:140,16,0,5
BRDA:142,17,0,0
BRDA:144,18,0,4
BRDA:147,19,0,1
BRDA:147,20,0,0
BRDA:148,21,0,3
BRDA:153,22,0,8
BRDA:156,23,0,1
BRDA:149,24,0,6
BRDA:163,25,0,1
BRDA:167,26,0,1
BRDA:171,27,0,1
BRDA:178,28,0,111
BRDA:185,29,0,3
BRDA:192,30,0,2
BRF:31
BRH:25
end_of_record
TN:
SF:src/shared/publicSuffix.ts
FN:106,isHostOnlyTarget
FN:128,extractEtldPlusOne
FNF:2
FNH:2
FNDA:42,isHostOnlyTarget
FNDA:28,extractEtldPlusOne
DA:47,1
DA:49,1
DA:50,1
DA:52,1
DA:53,1
DA:55,1
DA:56,1
DA:57,1
DA:58,1
DA:59,1
DA:60,1
DA:61,1
DA:62,1
DA:64,1
DA:65,1
DA:66,1
DA:67,1
DA:68,1
DA:69,1
DA:71,1
DA:72,1
DA:73,1
DA:74,1
DA:75,1
DA:76,1
DA:77,1
DA:78,1
DA:79,1
DA:80,1
DA:81,1
DA:82,1
DA:86,1
DA:87,1
DA:88,1
DA:89,1
DA:90,1
DA:91,1
DA:92,1
DA:93,1
DA:94,1
DA:95,1
DA:97,1
DA:106,1
DA:107,42
DA:108,3
DA:109,3
DA:111,42
DA:112,1
DA:113,1
DA:114,42
DA:115,5
DA:116,5
DA:117,33
DA:118,33
DA:128,1
DA:129,28
DA:131,28
DA:132,5
DA:133,5
DA:135,23
DA:136,28
DA:137,2
DA:138,2
DA:140,21
DA:141,28
DA:144,14
DA:145,14
DA:147,7
DA:148,7
LF:69
LH:69
BRDA:106,0,0,42
BRDA:107,1,0,3
BRDA:109,2,0,39
BRDA:111,3,0,38
BRDA:111,4,0,1
BRDA:113,5,0,38
BRDA:114,6,0,5
BRDA:116,7,0,33
BRDA:128,8,0,28
BRDA:129,9,0,2
BRDA:131,10,0,5
BRDA:133,11,0,23
BRDA:136,12,0,2
BRDA:138,13,0,21
BRDA:141,14,0,14
BRDA:145,15,0,7
BRF:16
BRH:16
end_of_record
TN:
SF:src/shared/shared.utils.ts
FN:21,randomSuffix
FN:40,generateUniqueId
FN:47,generateId
FN:55,dispatchIntemptEvent
FN:65,debounce
FNF:5
FNH:5
FNDA:5002,randomSuffix
FNDA:5002,generateUniqueId
FNDA:5002,generateId
FNDA:2,dispatchIntemptEvent
FNDA:2,debounce
DA:4,1
DA:21,5002
DA:22,5002
DA:23,5002
DA:25,5002
DA:26,5002
DA:27,5002
DA:28,5002
DA:29,50020
DA:30,50020
DA:31,5002
DA:32,5002
DA:34,0
DA:35,0
DA:36,0
DA:37,0
DA:38,0
DA:40,5002
DA:41,5002
DA:42,5002
DA:44,5002
DA:45,5002
DA:47,1
DA:48,5002
DA:49,5002
DA:50,1
DA:51,5001
DA:53,5002
DA:55,1
DA:56,2
DA:57,2
DA:58,2
DA:59,2
DA:60,2
DA:62,2
DA:63,2
DA:65,1
DA:66,2
DA:68,2
DA:69,5
DA:70,5
DA:71,5
DA:72,2
LF:43
LH:38
BRDA:21,0,0,5002
BRDA:22,1,0,0
BRDA:28,2,0,50020
BRDA:32,3,0,0
BRDA:40,4,0,5002
BRDA:47,5,0,5002
BRDA:49,6,0,1
BRDA:50,7,0,5001
BRDA:55,8,0,2
BRDA:65,9,0,2
BRDA:68,10,0,5
BRDA:69,11,0,3
BRDA:70,12,0,2
BRF:13
BRH:11
end_of_record
TN:
SF:src/shared/storageHandler.ts
FN:7,localIntemptSessionCookie
FN:11,localIntemptPageSessionCookie
FN:16,setCookie
FN:34,getCookie
FN:65,handleDomain
FN:76,get
FN:80,set
FN:81,remove
FN:82,getAllKeys
FN:83,clear
FNF:10
FNH:5
FNDA:0,localIntemptSessionCookie
FNDA:0,localIntemptPageSessionCookie
FNDA:3,setCookie
FNDA:3,getCookie
FNDA:6,handleDomain
FNDA:6,get
FNDA:4,set
FNDA:0,remove
FNDA:0,getAllKeys
FNDA:0,clear
DA:1,1
DA:5,1
DA:7,1
DA:8,0
DA:9,0
DA:11,1
DA:12,0
DA:13,0
DA:16,1
DA:17,3
DA:18,3
DA:19,3
DA:20,0
DA:21,3
DA:25,3
DA:26,3
DA:27,3
DA:29,3
DA:31,3
DA:32,3
DA:34,1
DA:35,3
DA:37,3
DA:38,3
DA:39,3
DA:41,3
DA:43,1
DA:44,1
DA:45,1
DA:47,3
DA:49,1
DA:50,1
DA:65,1
DA:66,6
DA:67,3
DA:68,3
DA:70,3
DA:72,6
DA:73,6
DA:75,1
DA:76,1
DA:77,6
DA:78,6
DA:79,6
DA:80,1
DA:81,1
DA:82,1
DA:83,1
DA:84,1
LF:49
LH:44
BRDA:16,0,0,3
BRDA:19,1,0,0
BRDA:25,2,0,1
BRDA:25,3,0,2
BRDA:26,4,0,0
BRDA:34,5,0,3
BRDA:41,6,0,2
BRDA:41,7,0,1
BRDA:47,8,0,0
BRDA:47,9,0,1
BRDA:38,10,0,3
BRDA:65,11,0,6
BRDA:66,12,0,3
BRDA:72,13,0,0
BRDA:76,14,0,6
BRDA:78,15,0,4
BRDA:78,16,0,1
BRDA:80,17,0,4
BRF:18
BRH:14
end_of_record
TN:
SF:src/shared/version.ts
FNF:0
FNH:0
DA:14,1
DA:15,1
LF:2
LH:2
BRDA:15,0,0,0
BRF:1
BRH:0
end_of_record
TN:
SF:src/shared/queue/requestBatcher.ts
FN:40,<instance_members_initializer>
FN:57,RequestBatcher
FN:80,enqueue
FN:84,start
FN:90,stop
FN:98,clear
FN:102,scheduleFlush
FN:116,resetFlush
FN:120,resetBatchSize
FN:127,loadSentEventIds
FN:154,markEventIdsSent
FN:185,unmarkEventIdsSent
FN:200,saveSentEventIds
FN:221,recordDeliveryAttempts
FN:252,extractEventIds
FN:266,flush
FN:386,handleResponse
FN:522,isDefiniteSuccess
FN:533,removeItemsFromQueue
FN:537,reportError
FNF:20
FNH:18
FNDA:44,<instance_members_initializer>
FNDA:44,RequestBatcher
FNDA:509,enqueue
FNDA:0,start
FNDA:16,stop
FNDA:0,clear
FNDA:786,scheduleFlush
FNDA:685,resetFlush
FNDA:1,resetBatchSize
FNDA:44,loadSentEventIds
FNDA:431,markEventIdsSent
FNDA:113,unmarkEventIdsSent
FNDA:541,saveSentEventIds
FNDA:314,recordDeliveryAttempts
FNDA:692,extractEventIds
FNDA:1063,flush
FNDA:427,handleResponse
FNDA:42,isDefiniteSuccess
FNDA:307,removeItemsFromQueue
FNDA:107,reportError
DA:1,1
DA:23,1
DA:33,1
DA:34,1
DA:39,1
DA:40,1
DA:41,44
DA:42,44
DA:43,44
DA:44,44
DA:45,44
DA:47,44
DA:48,44
DA:49,44
DA:50,44
DA:51,44
DA:52,44
DA:53,44
DA:54,44
DA:55,44
DA:57,1
DA:58,44
DA:59,44
DA:60,44
DA:61,44
DA:62,44
DA:64,44
DA:65,44
DA:66,44
DA:69,44
DA:70,44
DA:72,44
DA:73,44
DA:74,44
DA:75,44
DA:76,44
DA:77,44
DA:78,44
DA:80,1
DA:81,509
DA:82,509
DA:84,1
DA:85,0
DA:86,0
DA:87,0
DA:88,0
DA:90,1
DA:91,16
DA:92,16
DA:93,0
DA:94,0
DA:95,0
DA:96,16
DA:98,1
DA:99,0
DA:100,0
DA:102,1
DA:103,786
DA:104,786
DA:105,0
DA:106,0
DA:107,0
DA:108,0
DA:109,0
DA:110,0
DA:111,0
DA:112,0
DA:113,0
DA:114,786
DA:116,1
DA:117,685
DA:118,685
DA:120,1
DA:121,1
DA:122,1
DA:127,1
DA:128,44
DA:129,44
DA:130,44
DA:131,44
DA:132,2
DA:134,2
DA:135,2
DA:136,2
DA:137,2
DA:138,44
DA:139,44
DA:140,1
DA:141,1
DA:142,44
DA:154,1
DA:155,431
DA:156,2165
DA:157,2165
DA:159,431
DA:160,1
DA:161,1
DA:162,1
DA:163,500
DA:164,500
DA:165,500
DA:166,500
DA:167,500
DA:168,1
DA:169,431
DA:185,1
DA:186,113
DA:187,0
DA:188,0
DA:189,113
DA:190,170
DA:191,170
DA:192,113
DA:193,113
DA:200,1
DA:201,541
DA:202,541
DA:203,541
DA:204,541
DA:205,541
DA:206,541
DA:207,0
DA:208,0
DA:209,541
DA:221,1
DA:222,314
DA:223,304
DA:224,482
DA:225,482
DA:226,304
DA:227,304
DA:229,17
DA:230,1509
DA:231,1509
DA:232,1509
DA:236,17
DA:237,1
DA:238,1
DA:239,1
DA:240,500
DA:241,500
DA:242,500
DA:243,500
DA:244,500
DA:245,1
DA:246,314
DA:252,1
DA:253,692
DA:255,692
DA:256,692
DA:257,692
DA:258,692
DA:259,692
DA:260,692
DA:261,692
DA:263,692
DA:264,692
DA:266,1
DA:267,1063
DA:268,2
DA:269,2
DA:271,1061
DA:272,1061
DA:273,1061
DA:274,1061
DA:276,1061
DA:278,1061
DA:279,1061
DA:280,1061
DA:281,1061
DA:282,1061
DA:283,1061
DA:286,1063
DA:287,692
DA:290,692
DA:293,692
DA:294,692
DA:301,29
DA:302,29
DA:303,29
DA:305,692
DA:306,0
DA:307,0
DA:309,663
DA:311,663
DA:312,663
DA:314,663
DA:315,0
DA:316,0
DA:317,0
DA:318,0
DA:319,0
DA:320,0
DA:322,663
DA:323,663
DA:324,663
DA:325,663
DA:326,692
DA:329,1063
DA:330,14
DA:331,14
DA:333,1063
DA:334,633
DA:335,633
DA:336,633
DA:337,633
DA:341,428
DA:342,428
DA:347,428
DA:348,428
DA:349,428
DA:350,428
DA:351,1063
DA:352,1063
DA:354,1063
DA:360,427
DA:361,427
DA:362,427
DA:363,427
DA:364,427
DA:365,427
DA:366,427
DA:367,427
DA:368,1063
DA:369,1063
DA:370,1063
DA:372,1063
DA:373,1
DA:378,1
DA:379,1
DA:380,1
DA:381,1
DA:382,1
DA:383,1
DA:384,1063
DA:386,1
DA:387,427
DA:388,427
DA:389,427
DA:390,427
DA:391,427
DA:392,427
DA:393,427
DA:394,427
DA:395,427
DA:396,427
DA:398,427
DA:399,427
DA:412,42
DA:413,31
DA:414,31
DA:415,42
DA:421,10
DA:422,10
DA:423,42
DA:424,42
DA:425,42
DA:428,427
DA:429,0
DA:430,0
DA:431,0
DA:432,0
DA:433,0
DA:448,385
DA:449,427
DA:450,427
DA:451,323
DA:452,285
DA:453,284
DA:454,427
DA:456,101
DA:457,101
DA:458,2
DA:459,2
DA:460,101
DA:461,101
DA:464,101
DA:465,101
DA:466,101
DA:467,101
DA:470,427
DA:471,2
DA:472,1
DA:473,1
DA:474,1
DA:476,1
DA:477,1
DA:478,1
DA:479,1
DA:480,1
DA:481,1
DA:482,1
DA:483,1
DA:484,1
DA:485,1
DA:486,2
DA:489,282
DA:490,282
DA:492,291
DA:493,273
DA:495,273
DA:496,0
DA:497,273
DA:499,273
DA:500,273
DA:501,427
DA:502,9
DA:503,2
DA:504,2
DA:505,9
DA:506,7
DA:507,7
DA:508,9
DA:509,427
DA:510,0
DA:511,0
DA:512,0
DA:513,427
DA:522,1
DA:523,42
DA:524,4
DA:525,4
DA:526,42
DA:527,31
DA:528,31
DA:529,7
DA:530,42
DA:531,42
DA:533,1
DA:534,307
DA:535,307
DA:537,1
DA:538,107
DA:539,0
DA:540,0
DA:541,107
DA:542,107
DA:543,107
DA:544,107
DA:546,0
DA:547,107
DA:548,107
DA:549,1
LF:343
LH:301
BRDA:40,0,0,44
BRDA:57,1,0,44
BRDA:61,2,0,42
BRDA:61,3,0,104
BRDA:80,4,0,509
BRDA:90,5,0,16
BRDA:92,6,0,0
BRDA:102,7,0,786
BRDA:104,8,0,0
BRDA:116,9,0,685
BRDA:120,10,0,1
BRDA:127,11,0,44
BRDA:131,12,0,2
BRDA:135,13,0,1
BRDA:135,14,0,0
BRDA:139,15,0,1
BRDA:154,16,0,431
BRDA:155,17,0,2165
BRDA:159,18,0,1
BRDA:162,19,0,500
BRDA:185,20,0,113
BRDA:186,21,0,0
BRDA:189,22,0,170
BRDA:200,23,0,541
BRDA:206,24,0,0
BRDA:221,25,0,314
BRDA:222,26,0,304
BRDA:223,27,0,482
BRDA:227,28,0,17
BRDA:227,29,0,10
BRDA:229,30,0,1509
BRDA:232,31,0,10
BRDA:236,32,0,1
BRDA:239,33,0,500
BRDA:252,34,0,692
BRDA:266,35,0,1063
BRDA:267,36,0,2
BRDA:269,37,0,1061
BRDA:286,38,0,692
BRDA:294,39,0,29
BRDA:303,40,0,663
BRDA:305,41,0,0
BRDA:305,42,0,0
BRDA:307,43,0,663
BRDA:314,44,0,0
BRDA:326,45,0,1061
BRDA:329,46,0,14
BRDA:331,47,0,1061
BRDA:333,48,0,633
BRDA:337,49,0,428
BRDA:351,50,0,386
BRDA:354,51,0,427
BRDA:368,52,0,385
BRDA:370,53,0,427
BRDA:372,54,0,1
BRDA:293,55,0,692
BRDA:363,56,0,684
BRDA:363,57,0,684
BRDA:386,58,0,427
BRDA:399,59,0,42
BRDA:412,60,0,31
BRDA:415,61,0,11
BRDA:415,62,0,10
BRDA:425,63,0,385
BRDA:428,64,0,10
BRDA:428,65,0,0
BRDA:433,66,0,385
BRDA:450,67,0,323
BRDA:451,68,0,285
BRDA:452,69,0,284
BRDA:454,70,0,101
BRDA:457,71,0,2
BRDA:458,72,0,0
BRDA:467,73,0,284
BRDA:470,74,0,2
BRDA:471,75,0,1
BRDA:486,76,0,291
BRDA:486,77,0,282
BRDA:492,78,0,273
BRDA:495,79,0,0
BRDA:495,80,0,0
BRDA:501,81,0,9
BRDA:502,82,0,2
BRDA:505,83,0,7
BRDA:509,84,0,0
BRDA:522,85,0,42
BRDA:523,86,0,41
BRDA:523,87,0,40
BRDA:523,88,0,4
BRDA:525,89,0,38
BRDA:526,90,0,39
BRDA:526,91,0,31
BRDA:528,92,0,7
BRDA:530,93,0,7
BRDA:533,94,0,307
BRDA:537,95,0,107
BRDA:538,96,0,0
BRDA:544,97,0,0
BRF:98
BRH:83
end_of_record
TN:
SF:src/shared/queue/requestQueue.ts
FN:26,<instance_members_initializer>
FN:34,RequestQueue
FN:49,ensureInit
FN:62,enqueue
FN:77,enqueuePersisted
FN:100,fillBatch
FN:137,removeItemsByID
FN:173,clear
FN:181,readFromStorage
FN:192,generateId
FNF:10
FNH:10
FNDA:60,<instance_members_initializer>
FNDA:60,RequestQueue
FNDA:4839,ensureInit
FNDA:526,enqueue
FNDA:524,enqueuePersisted
FNDA:1096,fillBatch
FNDA:310,removeItemsByID
FNDA:1,clear
FNDA:2573,readFromStorage
FNDA:526,generateId
DA:1,1
DA:25,1
DA:26,1
DA:27,60
DA:28,60
DA:29,60
DA:30,60
DA:31,60
DA:32,60
DA:34,1
DA:35,60
DA:36,60
DA:37,60
DA:38,60
DA:40,60
DA:41,59
DA:42,59
DA:43,59
DA:44,59
DA:45,59
DA:46,59
DA:47,60
DA:49,1
DA:50,4839
DA:52,50
DA:53,50
DA:54,49
DA:55,4839
DA:56,1
DA:57,1
DA:58,1
DA:59,1
DA:60,4839
DA:62,1
DA:63,526
DA:64,526
DA:65,526
DA:66,526
DA:67,526
DA:69,526
DA:70,2
DA:71,2
DA:72,2
DA:74,524
DA:75,526
DA:77,1
DA:78,524
DA:79,0
DA:80,0
DA:81,0
DA:83,524
DA:84,524
DA:85,524
DA:86,524
DA:87,524
DA:88,524
DA:89,523
DA:90,523
DA:91,524
DA:92,524
DA:93,1
DA:95,1
DA:96,1
DA:97,1
DA:98,524
DA:100,1
DA:102,1096
DA:103,649
DA:104,649
DA:105,649
DA:107,649
DA:108,4
DA:109,1
DA:110,1
DA:111,3
DA:112,649
DA:113,649
DA:115,1096
DA:118,1096
DA:119,782
DA:120,782
DA:121,782
DA:122,782
DA:124,782
DA:125,217
DA:126,217
DA:127,0
DA:128,0
DA:129,0
DA:130,0
DA:131,217
DA:132,782
DA:134,1096
DA:135,1096
DA:137,1
DA:138,310
DA:141,310
DA:143,310
DA:144,0
DA:145,0
DA:147,310
DA:148,0
DA:149,0
DA:151,310
DA:152,310
DA:153,309
DA:154,309
DA:155,309
DA:156,309
DA:159,309
DA:160,309
DA:161,1937
DA:162,0
DA:163,0
DA:164,1937
DA:165,309
DA:166,310
DA:167,310
DA:168,1
DA:169,1
DA:170,1
DA:171,310
DA:173,1
DA:174,1
DA:175,1
DA:176,1
DA:177,1
DA:178,1
DA:179,1
DA:181,1
DA:182,2573
DA:183,2573
DA:184,2573
DA:185,2573
DA:186,2573
DA:187,0
DA:188,0
DA:189,0
DA:190,2573
DA:192,1
DA:193,526
DA:194,526
DA:195,1
LF:143
LH:127
BRDA:26,0,0,60
BRDA:34,1,0,60
BRDA:37,2,0,1
BRDA:38,3,0,14
BRDA:40,4,0,59
BRDA:38,5,0,1
BRDA:49,6,0,4839
BRDA:50,7,0,50
BRDA:50,8,0,4789
BRDA:50,9,0,111
BRDA:50,10,0,50
BRDA:53,11,0,49
BRDA:55,12,0,1
BRDA:62,13,0,526
BRDA:69,14,0,2
BRDA:72,15,0,524
BRDA:77,16,0,524
BRDA:78,17,0,0
BRDA:92,18,0,1
BRDA:84,19,0,524
BRDA:88,20,0,523
BRDA:100,21,0,1096
BRDA:102,22,0,649
BRDA:102,23,0,649
BRDA:118,24,0,1095
BRDA:118,25,0,782
BRDA:124,26,0,217
BRDA:125,27,0,0
BRDA:126,28,0,1
BRDA:126,29,0,0
BRDA:107,30,0,4
BRDA:108,31,0,1
BRDA:110,32,0,3
BRDA:122,33,0,218
BRDA:137,34,0,310
BRDA:143,35,0,0
BRDA:147,36,0,0
BRDA:167,37,0,1
BRDA:141,38,0,2424
BRDA:152,39,0,309
BRDA:160,40,0,1937
BRDA:161,41,0,0
BRDA:155,42,0,2423
BRDA:173,43,0,1
BRDA:181,44,0,2573
BRDA:185,45,0,2512
BRDA:185,46,0,61
BRDA:186,47,0,0
BRDA:192,48,0,526
BRF:49
BRH:42
end_of_record
TN:
SF:src/shared/storage/queueStorage.ts
FN:6,<instance_members_initializer>
FN:9,QueueStorage
FN:13,init
FN:26,getItem
FN:36,setItem
FN:46,removeItem
FNF:6
FNH:6
FNDA:68,<instance_members_initializer>
FNDA:68,QueueStorage
FNDA:3465,init
FNDA:2577,getItem
FNDA:835,setItem
FNDA:2,removeItem
DA:5,1
DA:6,1
DA:7,68
DA:9,1
DA:10,68
DA:11,68
DA:13,1
DA:14,3465
DA:16,55
DA:17,55
DA:18,55
DA:19,55
DA:20,55
DA:21,3465
DA:22,1
DA:23,1
DA:24,3465
DA:26,1
DA:27,2577
DA:28,2577
DA:29,2577
DA:30,2577
DA:31,2577
DA:32,3
DA:33,3
DA:34,2577
DA:36,1
DA:37,835
DA:38,835
DA:39,835
DA:40,835
DA:42,1
DA:43,1
DA:44,835
DA:46,1
DA:47,2
DA:48,2
DA:49,2
DA:50,1
LF:39
LH:39
BRDA:6,0,0,68
BRDA:9,1,0,68
BRDA:13,2,0,3465
BRDA:14,3,0,3410
BRDA:14,4,0,55
BRDA:21,5,0,1
BRDA:26,6,0,2577
BRDA:30,7,0,2518
BRDA:30,8,0,59
BRDA:31,9,0,3
BRDA:36,10,0,835
BRDA:40,11,0,1
BRDA:46,12,0,2
BRF:13
BRH:13
end_of_record
TN:
SF:src/shared/storage/sharedLock.ts
FN:6,<instance_members_initializer>
FN:11,SharedLock
FN:22,generatePid
FN:26,withLock
FN:39,acquireLock
FN:70,releaseLock
FN:84,delay
FNF:7
FNH:7
FNDA:69,<instance_members_initializer>
FNDA:69,SharedLock
FNDA:61,generatePid
FNDA:841,withLock
FNDA:841,acquireLock
FNDA:839,releaseLock
FNDA:5,delay
DA:5,1
DA:6,1
DA:7,69
DA:8,69
DA:9,69
DA:11,1
DA:15,69
DA:16,69
DA:17,69
DA:18,69
DA:19,69
DA:20,69
DA:22,1
DA:23,61
DA:24,61
DA:26,1
DA:27,841
DA:28,841
DA:29,3
DA:30,3
DA:32,838
DA:33,838
DA:34,838
DA:35,838
DA:36,838
DA:37,841
DA:39,1
DA:40,841
DA:41,841
DA:42,846
DA:43,846
DA:44,846
DA:45,839
DA:46,839
DA:47,839
DA:48,839
DA:50,839
DA:51,839
DA:52,838
DA:53,838
DA:54,846
DA:55,6
DA:57,6
DA:58,1
DA:59,1
DA:60,1
DA:61,6
DA:62,5
DA:63,30
DA:64,2
DA:65,2
DA:66,846
DA:67,1
DA:68,841
DA:70,1
DA:71,839
DA:72,839
DA:73,839
DA:74,839
DA:75,839
DA:76,838
DA:77,838
DA:78,839
DA:79,839
DA:81,0
DA:82,839
DA:84,1
DA:85,5
DA:86,5
DA:87,1
LF:70
LH:69
BRDA:6,0,0,69
BRDA:11,1,0,69
BRDA:18,2,0,0
BRDA:19,3,0,61
BRDA:22,4,0,61
BRDA:26,5,0,841
BRDA:28,6,0,3
BRDA:30,7,0,838
BRDA:39,8,0,841
BRDA:41,9,0,846
BRDA:44,10,0,839
BRDA:51,11,0,838
BRDA:51,12,0,838
BRDA:54,13,0,30
BRDA:54,14,0,12
BRDA:54,15,0,6
BRDA:57,16,0,1
BRDA:61,17,0,5
BRDA:63,18,0,2
BRDA:66,19,0,1
BRDA:70,20,0,839
BRDA:75,21,0,838
BRDA:79,22,0,0
BRDA:84,23,0,5
BRDA:85,24,0,5
BRF:25
BRH:23
end_of_record
